Bootstrapping configure script and makefiles:
Checking version of 'make' >= 379... succeeded. (403)
Checking version of 'm4' >= 104... succeeded. (104)
Checking version of 'pkg-config' >= 15... succeeded. (108)
Checking version of 'autoreconf' >= 258... succeeded. (271)
Checking version of 'automake' >= 108... succeeded. (116)
Checking version of 'libtoolize' >= 105... succeeded. (204)
autoreconf -i
configure.ac:56: warning: The macro `AC_CHECK_PROGS' is obsolete.
configure.ac:56: You should run autoupdate.
m4/ax_pthread.m4:111: AC_CHECK_PROGS is expanded from...
./lib/autoconf/programs.m4:350: AC_PROG_AWK is expanded from...
aclocal.m4:773: AM_INIT_AUTOMAKE is expanded from...
configure.ac:56: the top level
configure.ac:81: warning: The macro `AC_CHECK_PROGS' is obsolete.
configure.ac:81: You should run autoupdate.
m4/ax_pthread.m4:111: AC_CHECK_PROGS is expanded from...
./lib/autoconf/programs.m4:246: AC_CHECK_TOOLS is expanded from...
./lib/autoconf/c.m4:452: AC_PROG_CC is expanded from...
configure.ac:81: the top level
configure.ac:82: warning: The macro `AC_CHECK_PROGS' is obsolete.
configure.ac:82: You should run autoupdate.
m4/ax_pthread.m4:111: AC_CHECK_PROGS is expanded from...
./lib/autoconf/programs.m4:246: AC_CHECK_TOOLS is expanded from...
./lib/autoconf/c.m4:701: AC_PROG_CXX is expanded from...
configure.ac:82: the top level
configure.ac:124: warning: The macro `AC_CHECK_PROGS' is obsolete.
configure.ac:124: You should run autoupdate.
m4/ax_pthread.m4:111: AC_CHECK_PROGS is expanded from...
./lib/autoconf/programs.m4:246: AC_CHECK_TOOLS is expanded from...
./lib/autoconf/c.m4:1018: AC_PROG_OBJCXX is expanded from...
configure.ac:124: the top level
configure.ac:446: warning: The macro `AC_HELP_STRING' is obsolete.
configure.ac:446: You should run autoupdate.
./lib/autoconf/general.m4:204: AC_HELP_STRING is expanded from...
m4/ax_winsock.m4:1: AX_WINSOCK is expanded from...
m4/boinc_check_cygwin.m4:1: BOINC_CHECK_CYGWIN is expanded from...
configure.ac:446: the top level
configure.ac:463: warning: The macro `AC_LIBTOOL_DLOPEN' is obsolete.
configure.ac:463: You should run autoupdate.
m4/ltoptions.m4:113: AC_LIBTOOL_DLOPEN is expanded from...
configure.ac:463: the top level
configure.ac:463: warning: AC_LIBTOOL_DLOPEN: Remove this warning and the call to _LT_SET_OPTION when you
configure.ac:463: put the 'dlopen' option into LT_INIT's first parameter.
./lib/autoconf/general.m4:2434: AC_DIAGNOSE is expanded from...
m4/ltoptions.m4:113: AC_LIBTOOL_DLOPEN is expanded from...
configure.ac:463: the top level
configure.ac:464: warning: The macro `AC_LIBTOOL_WIN32_DLL' is obsolete.
configure.ac:464: You should run autoupdate.
m4/ltoptions.m4:148: AC_LIBTOOL_WIN32_DLL is expanded from...
configure.ac:464: the top level
configure.ac:464: warning: AC_LIBTOOL_WIN32_DLL: Remove this warning and the call to _LT_SET_OPTION when you
configure.ac:464: put the 'win32-dll' option into LT_INIT's first parameter.
./lib/autoconf/general.m4:2434: AC_DIAGNOSE is expanded from...
m4/ltoptions.m4:148: AC_LIBTOOL_WIN32_DLL is expanded from...
configure.ac:464: the top level
configure.ac:465: warning: The macro `AC_PROG_LIBTOOL' is obsolete.
configure.ac:465: You should run autoupdate.
m4/libtool.m4:100: AC_PROG_LIBTOOL is expanded from...
configure.ac:465: the top level
configure.ac:465: warning: The macro `AC_CHECK_PROGS' is obsolete.
configure.ac:465: You should run autoupdate.
m4/ax_pthread.m4:111: AC_CHECK_PROGS is expanded from...
./lib/autoconf/programs.m4:246: AC_CHECK_TOOLS is expanded from...
m4/libtool.m4:3690: LT_PATH_NM is expanded from...
m4/libtool.m4:153: _LT_SETUP is expanded from...
m4/libtool.m4:62: LT_INIT is expanded from...
m4/libtool.m4:100: AC_PROG_LIBTOOL is expanded from...
configure.ac:465: the top level
configure.ac:465: warning: The macro `AC_CHECK_PROGS' is obsolete.
configure.ac:465: You should run autoupdate.
m4/ax_pthread.m4:111: AC_CHECK_PROGS is expanded from...
./lib/autoconf/programs.m4:246: AC_CHECK_TOOLS is expanded from...
m4/libtool.m4:1490: _LT_PROG_AR is expanded from...
m4/libtool.m4:1540: _LT_CMD_OLD_ARCHIVE is expanded from...
m4/libtool.m4:153: _LT_SETUP is expanded from...
m4/libtool.m4:62: LT_INIT is expanded from...
m4/libtool.m4:100: AC_PROG_LIBTOOL is expanded from...
configure.ac:465: the top level
configure.ac:471: warning: The macro `AC_HELP_STRING' is obsolete.
configure.ac:471: You should run autoupdate.
./lib/autoconf/general.m4:204: AC_HELP_STRING is expanded from...
m4/sah_select_bitness.m4:97: SAH_OPTION_BITNESS is expanded from...
configure.ac:471: the top level
configure.ac:474: warning: The macro `AC_HELP_STRING' is obsolete.
configure.ac:474: You should run autoupdate.
./lib/autoconf/general.m4:204: AC_HELP_STRING is expanded from...
m4/boinc_platform.m4:1: BOINC_PLATFORM is expanded from...
configure.ac:474: the top level
configure.ac:570: warning: The macro `AC_HELP_STRING' is obsolete.
configure.ac:570: You should run autoupdate.
./lib/autoconf/general.m4:204: AC_HELP_STRING is expanded from...
m4/check_ssl.m4:1: CHECK_SSL is expanded from...
lib/m4sugar/m4sh.m4:699: AS_IF is expanded from...
configure.ac:570: the top level
configure.ac:570: warning: The macro `AC_HELP_STRING' is obsolete.
configure.ac:570: You should run autoupdate.
./lib/autoconf/general.m4:204: AC_HELP_STRING is expanded from...
m4/boinc_check_lib_with.m4:1: BOINC_CHECK_LIB_WITH is expanded from...
m4/check_ssl.m4:1: CHECK_SSL is expanded from...
lib/m4sugar/m4sh.m4:699: AS_IF is expanded from...
configure.ac:570: the top level
configure.ac:576: warning: The macro `AC_HELP_STRING' is obsolete.
configure.ac:576: You should run autoupdate.
./lib/autoconf/general.m4:204: AC_HELP_STRING is expanded from...
m4/libcurl.m4:37: LIBCURL_CHECK_CONFIG is expanded from...
lib/m4sugar/m4sh.m4:699: AS_IF is expanded from...
configure.ac:576: the top level
configure.ac:576: warning: The macro `AC_CHECK_PROGS' is obsolete.
configure.ac:576: You should run autoupdate.
m4/ax_pthread.m4:111: AC_CHECK_PROGS is expanded from...
./lib/autoconf/programs.m4:350: AC_PROG_AWK is expanded from...
m4/libcurl.m4:37: LIBCURL_CHECK_CONFIG is expanded from...
lib/m4sugar/m4sh.m4:699: AS_IF is expanded from...
configure.ac:576: the top level
configure.ac:576: warning: The macro `AC_HELP_STRING' is obsolete.
configure.ac:576: You should run autoupdate.
./lib/autoconf/general.m4:204: AC_HELP_STRING is expanded from...
m4/boinc_check_lib_with.m4:1: BOINC_CHECK_LIB_WITH is expanded from...
m4/libcurl.m4:37: LIBCURL_CHECK_CONFIG is expanded from...
lib/m4sugar/m4sh.m4:699: AS_IF is expanded from...
configure.ac:576: the top level
configure.ac:661: warning: The macro `AC_CHECK_PROGS' is obsolete.
configure.ac:661: You should run autoupdate.
m4/ax_pthread.m4:111: AC_CHECK_PROGS is expanded from...
lib/m4sugar/m4sh.m4:594: AS_CASE is expanded from...
lib/m4sugar/m4sh.m4:594: AS_CASE is expanded from...
m4/ax_pthread.m4:126: AX_PTHREAD is expanded from...
configure.ac:661: the top level
configure.ac:697: warning: The macro `ACX_PTHREAD' is obsolete.
configure.ac:697: You should run autoupdate.
m4/ax_pthread.m4:125: ACX_PTHREAD is expanded from...
m4/ax_check_gl.m4:4: AX_CHECK_GL is expanded from...
configure.ac:697: the top level
configure.ac:697: warning: The macro `AC_CHECK_PROGS' is obsolete.
configure.ac:697: You should run autoupdate.
m4/ax_pthread.m4:111: AC_CHECK_PROGS is expanded from...
lib/m4sugar/m4sh.m4:594: AS_CASE is expanded from...
lib/m4sugar/m4sh.m4:594: AS_CASE is expanded from...
m4/ax_pthread.m4:126: AX_PTHREAD is expanded from...
m4/ax_pthread.m4:125: ACX_PTHREAD is expanded from...
m4/ax_check_gl.m4:4: AX_CHECK_GL is expanded from...
configure.ac:697: the top level
configure.ac:697: warning: The macro `AC_HELP_STRING' is obsolete.
configure.ac:697: You should run autoupdate.
./lib/autoconf/general.m4:204: AC_HELP_STRING is expanded from...
./lib/autoconf/general.m4:1553: AC_ARG_WITH is expanded from...
m4/ax_check_gl.m4:4: AX_CHECK_GL is expanded from...
configure.ac:697: the top level
configure.ac:804: warning: The macro `AC_HEADER_STDC' is obsolete.
configure.ac:804: You should run autoupdate.
./lib/autoconf/headers.m4:704: AC_HEADER_STDC is expanded from...
configure.ac:804: the top level
configure.ac:806: warning: The macro `AC_HEADER_TIME' is obsolete.
configure.ac:806: You should run autoupdate.
./lib/autoconf/headers.m4:743: AC_HEADER_TIME is expanded from...
configure.ac:806: the top level
configure.ac:807: warning: The macro `AC_TYPE_SIGNAL' is obsolete.
configure.ac:807: You should run autoupdate.
./lib/autoconf/types.m4:776: AC_TYPE_SIGNAL is expanded from...
configure.ac:807: the top level
configure.ac:1072: warning: AC_CHECK_HEADERS($sah_stdcxx_headers): you should use literals
./lib/autoconf/headers.m4:217: AC_CHECK_HEADERS is expanded from...
lib/m4sugar/m4sh.m4:692: _AS_IF_ELSE is expanded from...
lib/m4sugar/m4sh.m4:699: AS_IF is expanded from...
./lib/autoconf/general.m4:2823: _AC_COMPILE_IFELSE is expanded from...
./lib/autoconf/general.m4:2839: AC_COMPILE_IFELSE is expanded from...
m4/sah_header_stdcxx.m4:23: SAH_HEADER_STDCXX is expanded from...
configure.ac:1072: the top level
api/Makefile.am:22: warning: source file '$(top_srcdir)/samples/image_libs/bmplib.cpp' is in a subdirectory,
api/Makefile.am:22: but option 'subdir-objects' is disabled
automake: warning: possible forward-incompatibility.
automake: At least one source file is in a subdirectory, but the 'subdir-objects'
automake: automake option hasn't been enabled.  For now, the corresponding output
automake: object file(s) will be placed in the top-level directory.  However, this
automake: behavior may change in a future Automake major version, with object
automake: files being placed in the same subdirectory as the corresponding sources.
automake: You are advised to start using 'subdir-objects' option throughout your
automake: project, to avoid future incompatibilities.
api/Makefile.am:22: warning: source file '$(top_srcdir)/samples/image_libs/tgalib.cpp' is in a subdirectory,
api/Makefile.am:22: but option 'subdir-objects' is disabled
client/Makefile.am:4: warning: ':='-style assignments are not portable
client/Makefile.am:4: warning: filter-out -mfpu=vfpv3-d16,$(CXXFLAGS: non-POSIX variable name
client/Makefile.am:4: (probably a GNU make extension)
client/Makefile.am:126: warning: filter-out -mfpu=vfpv3-d16,$(boinc_client_CXXFLAGS: non-POSIX variable name
client/Makefile.am:126: (probably a GNU make extension)
client/Makefile.am:4: warning: 'CXXFLAGS' is a user variable, you should not override it;
client/Makefile.am:4: use 'AM_CXXFLAGS' instead
clientgui/Makefile.am:26: warning: source file 'common/wxPieCtrl.cpp' is in a subdirectory,
clientgui/Makefile.am:26: but option 'subdir-objects' is disabled
clientgui/Makefile.am:26: warning: source file 'gtk/taskbarex.cpp' is in a subdirectory,
clientgui/Makefile.am:26: but option 'subdir-objects' is disabled
lib/Makefile.am:127: warning: source file 'mac/mac_backtrace.cpp' is in a subdirectory,
lib/Makefile.am:127: but option 'subdir-objects' is disabled
lib/Makefile.am:127: warning: source file 'mac/mac_spawn.cpp' is in a subdirectory,
lib/Makefile.am:127: but option 'subdir-objects' is disabled
lib/Makefile.am:127: warning: source file 'mac/QBacktrace.c' is in a subdirectory,
lib/Makefile.am:127: but option 'subdir-objects' is disabled
lib/Makefile.am:127: warning: source file 'mac/QCrashReport.c' is in a subdirectory,
lib/Makefile.am:127: but option 'subdir-objects' is disabled
lib/Makefile.am:127: warning: source file 'mac/QMachOImage.c' is in a subdirectory,
lib/Makefile.am:127: but option 'subdir-objects' is disabled
lib/Makefile.am:127: warning: source file 'mac/QMachOImageList.c' is in a subdirectory,
lib/Makefile.am:127: but option 'subdir-objects' is disabled
lib/Makefile.am:127: warning: source file 'mac/QSymbols.c' is in a subdirectory,
lib/Makefile.am:127: but option 'subdir-objects' is disabled
lib/Makefile.am:127: warning: source file 'mac/QTaskMemory.c' is in a subdirectory,
lib/Makefile.am:127: but option 'subdir-objects' is disabled
lib/Makefile.am:127: warning: source file 'mac/mac_branding.cpp' is in a subdirectory,
lib/Makefile.am:127: but option 'subdir-objects' is disabled
sched/Makefile.am:11: warning: source file '../db/boinc_db.cpp' is in a subdirectory,
sched/Makefile.am:11: but option 'subdir-objects' is disabled
sched/Makefile.am:11: warning: source file '../db/db_base.cpp' is in a subdirectory,
sched/Makefile.am:11: but option 'subdir-objects' is disabled
sched/Makefile.am:11: warning: source file '../tools/process_result_template.cpp' is in a subdirectory,
sched/Makefile.am:11: but option 'subdir-objects' is disabled
sched/Makefile.am:11: warning: source file '../tools/process_input_template.cpp' is in a subdirectory,
sched/Makefile.am:11: but option 'subdir-objects' is disabled
sched/Makefile.am:11: warning: source file '../tools/backend_lib.cpp' is in a subdirectory,
sched/Makefile.am:11: but option 'subdir-objects' is disabled
sched/Makefile.am:157: warning: source file '../vda/sched_vda.cpp' is in a subdirectory,
sched/Makefile.am:157: but option 'subdir-objects' is disabled
sched/Makefile.am:200: warning: source file '../lib/synch.cpp' is in a subdirectory,
sched/Makefile.am:200: but option 'subdir-objects' is disabled
tools/Makefile.am:69: warning: source file '../lib/remote_submit.cpp' is in a subdirectory,
tools/Makefile.am:69: but option 'subdir-objects' is disabled
Done, now run ./configure
 ./configure -C                         to enable caching
