checking build system type... x86_64-pc-linux-gnu
checking host system type... x86_64-pc-linux-gnu
checking target system type... x86_64-pc-linux-gnu
checking for a BSD-compatible install... /usr/bin/install -c
checking whether build environment is sane... yes
checking for a race-free mkdir -p... /usr/bin/mkdir -p
checking for gawk... /usr/bin/gawk
checking whether make sets $(MAKE)... yes
checking whether make supports nested variables... yes
checking whether make supports nested variables... (cached) yes
checking for gcc... gcc
checking whether the C compiler works... yes
checking for C compiler default output file name... a.out
checking for suffix of executables... 
checking whether we are cross compiling... no
checking for suffix of object files... o
checking whether the compiler supports GNU C... yes
checking whether gcc accepts -g... yes
checking for gcc option to enable C11 features... none needed
checking whether gcc understands -c and -o together... yes
checking whether make supports the include directive... yes (GNU style)
checking dependency style of gcc... gcc3
checking for g++... /usr/bin/g++
checking whether the compiler supports GNU C++... yes
checking whether /usr/bin/g++ accepts -g... yes
checking for /usr/bin/g++ option to enable C++11 features... none needed
checking dependency style of /usr/bin/g++... gcc3
checking whether /usr/bin/g++ supports C++11... yes, with -std=c++11
checking for g++... /usr/bin/g++
checking whether the compiler supports GNU Objective C++... no
checking whether /usr/bin/g++ accepts -g... no
checking dependency style of /usr/bin/g++... gcc3
checking how to run the C preprocessor... gcc -E
checking whether make sets $(MAKE)... (cached) yes
checking for ln... /usr/bin/ln
checking whether '/usr/bin/ln' works... yes
checking whether ln -s works... yes
checking whether 'ln -s' really works or whether I'm deluding myself... it works
checking for pkg-config... /usr/bin/pkg-config
checking pkg-config is at least version 0.9.0... yes
checking if C compiler supports -Wall... yes
checking if C++ compiler supports -Wall... yes
--- Configuring BOINC 8.3.0 (Release) ---
--- Build Components: ( libraries server) ---
checking for docbook2x-man... no
checking for stdio.h... yes
checking for stdlib.h... yes
checking for string.h... yes
checking for inttypes.h... yes
checking for stdint.h... yes
checking for strings.h... yes
checking for sys/stat.h... yes
checking for sys/types.h... yes
checking for unistd.h... yes
checking for sys/time.h... yes
checking whether we are compiling for cygwin... no
checking for winsock2.h... (cached) no
checking for winsock.h... (cached) no
checking for windows.h... no
checking for sys/socket.h... yes
checking dependency style of gcc... gcc3
checking how to print strings... printf
checking for a sed that does not truncate output... /usr/bin/sed
checking for grep that handles long lines and -e... /usr/bin/grep
checking for egrep... /usr/bin/grep -E
checking for fgrep... /usr/bin/grep -F
checking for ld used by gcc... /usr/bin/ld
checking if the linker (/usr/bin/ld) is GNU ld... yes
checking for BSD- or MS-compatible name lister (nm)... /usr/bin/nm -B
checking the name lister (/usr/bin/nm -B) interface... BSD nm
checking the maximum length of command line arguments... 1572864
checking how to convert x86_64-pc-linux-gnu file names to x86_64-pc-linux-gnu format... func_convert_file_noop
checking how to convert x86_64-pc-linux-gnu file names to toolchain format... func_convert_file_noop
checking for /usr/bin/ld option to reload object files... -r
checking for file... file
checking for objdump... objdump
checking how to recognize dependent libraries... pass_all
checking for dlltool... dlltool
checking how to associate runtime and link libraries... printf %s\n
checking for ar... /usr/bin/ar
checking for archiver @FILE support... @
checking for strip... strip
checking for ranlib... ranlib
checking command to parse /usr/bin/nm -B output from gcc object... ok
checking for sysroot... no
checking for a working dd... /usr/bin/dd
checking how to truncate binary pipes... /usr/bin/dd bs=4096 count=1
checking for mt... no
checking if : is a manifest tool... no
checking for dlfcn.h... yes
checking for objdir... .libs
checking if gcc supports -fno-rtti -fno-exceptions... no
checking for gcc option to produce PIC... -fPIC -DPIC
checking if gcc PIC flag -fPIC -DPIC works... yes
checking if gcc static flag -static works... yes
checking if gcc supports -c -o file.o... yes
checking if gcc supports -c -o file.o... (cached) yes
checking whether the gcc linker (/usr/bin/ld -m elf_x86_64) supports shared libraries... yes
checking whether -lc should be explicitly linked in... no
checking dynamic linker characteristics... GNU/Linux ld.so
checking how to hardcode library paths into programs... immediate
checking for shl_load... no
checking for shl_load in -ldld... no
checking for dlopen... yes
checking whether a program can dlopen itself... yes
checking whether a statically linked program can dlopen itself... no
checking whether stripping libraries is possible... yes
checking if libtool supports shared libraries... yes
checking whether to build shared libraries... yes
checking whether to build static libraries... yes
checking how to run the C++ preprocessor... /usr/bin/g++ -E
checking for ld used by /usr/bin/g++... /usr/bin/ld -m elf_x86_64
checking if the linker (/usr/bin/ld -m elf_x86_64) is GNU ld... yes
checking whether the /usr/bin/g++ linker (/usr/bin/ld -m elf_x86_64) supports shared libraries... yes
checking for /usr/bin/g++ option to produce PIC... -fPIC -DPIC
checking if /usr/bin/g++ PIC flag -fPIC -DPIC works... yes
checking if /usr/bin/g++ static flag -static works... yes
checking if /usr/bin/g++ supports -c -o file.o... yes
checking if /usr/bin/g++ supports -c -o file.o... (cached) yes
checking whether the /usr/bin/g++ linker (/usr/bin/ld -m elf_x86_64) supports shared libraries... yes
checking dynamic linker characteristics... (cached) GNU/Linux ld.so
checking how to hardcode library paths into programs... immediate
checking default bitness of C compiler... 64
checking default bitness of C++ compiler... 64
checking boinc platform... x86_64-pc-linux-gnu
checking alternate boinc platform... i686-pc-linux-gnu
checking library extension... a
checking shared object extension... so
checking for mysql_config... /usr/bin/mysql_config
checking mysql libraries... -L/usr/lib/x86_64-linux-gnu -lmysqlclient -lz  -lzstd -lssl -lcrypto -lresolv -lm
checking mysql includes... -I/usr/include/mysql 
checking for nlohmann/json.hpp... yes
Found nlohmann::json
checking if CFLAG '-include fcgi_stdio.h' works... yes
checking for FCGI_printf in -lfcgi... yes
checking for pkg-config... /usr/bin/pkg-config
checking for openssl... yes
OpenSSL found in /usr
checking for gawk... (cached) /usr/bin/gawk
checking for ... no
checking for curl-config... /usr/bin/curl-config
checking for the version of libcurl... 8.5.0
checking for libcurl >= version 7.17.1... yes
checking whether libcurl is usable... yes
checking for curl_free... yes
checking for shmget in dynamic library cygipc... no
checking for aio_fork in dynamic library aio... no
checking for dlopen in dynamic library dl...  -ldl
checking for gethostbyname in static library nsl... no
checking for gethostbyname in dynamic library nsl... no
checking for static library freetype...  -lfreetype
checking for bind in static library socket... no
checking for bind in dynamic library socket... no
checking for gzopen in static library z...  -lz
checking for md5_finish in dynamic library cups... no
checking for the pthreads library -lpthreads... no
checking whether pthreads work without any flags... yes
checking for joinable pthread attribute... PTHREAD_CREATE_JOINABLE
checking if more special flags are required for pthreads... no
checking for PTHREAD_PRIO_INHERIT... yes
checking for X... libraries , headers 
checking for gethostbyname... yes
checking for connect... yes
checking for remove... yes
checking for shmat... yes
checking for IceConnectionNumber in -lICE... yes
configure: checking for usable OpenCL opencl.h header
checking for OpenCL/opencl.h... no
checking for CL/opencl.h... no
configure: no usable OpenCL installation found
configure: WARNING: OpenCL is missing, OpenClApp example is disabled
checking for the pthreads library -lpthreads... no
checking whether pthreads work without any flags... yes
checking for joinable pthread attribute... PTHREAD_CREATE_JOINABLE
checking if more special flags are required for pthreads... no
checking for PTHREAD_PRIO_INHERIT... (cached) yes
checking whether we are using the Microsoft C compiler... no
checking for windows.h... (cached) no
checking for OpenGL library... -lGL
checking for OpenGL Utility library... -lGLU
checking for fopen in -lXmu... no
checking for fopen in -lXi... no
checking for GLUT library... -lglut
checking for gl.h... no
checking for glu.h... no
checking for glut.h... no
checking for glaux.h... no
checking for GL/gl.h... yes
checking for GL/glu.h... yes
checking for GL/glut.h... yes
checking for GL/glaux.h... no
checking for OpenGL/gl.h... no
checking for OpenGL/glu.h... no
checking for OpenGL/glut.h... no
checking for OpenGL/glaux.h... no
checking for GLUT/glut.h... no
checking for MesaGL/gl.h... no
checking for MesaGL/glu.h... no
checking for MesaGL/glut.h... no
checking for MesaGL/glaux.h... no
checking for libnotify/notify.h... no
checking for gtk/gtk.h... no
checking for jpeg_start_compress in -ljpeg... yes
checking for jpeglib.h... yes
checking for dirent.h that defines DIR... yes
checking for library containing opendir... none required
checking for egrep... (cached) /usr/bin/grep -E
checking for sys/wait.h that is POSIX.1 compatible... yes
checking return type of signal handlers... void
checking for sys/types.h... (cached) yes
checking for sys/un.h... yes
checking for arpa/inet.h... yes
checking for dirent.h... yes
checking for grp.h... yes
checking for fcntl.h... yes
checking for inttypes.h... (cached) yes
checking for stdint.h... (cached) yes
checking for memory.h... yes
checking for netdb.h... yes
checking for netinet/in.h... yes
checking for netinet/tcp.h... yes
checking for netinet/ether.h... yes
checking for net/if.h... yes
checking for net/if_arp.h... yes
checking for signal.h... yes
checking for strings.h... (cached) yes
checking for sys/auxv.h... yes
checking for sys/file.h... yes
checking for sys/fcntl.h... yes
checking for sys/ipc.h... yes
checking for sys/ioctl.h... yes
checking for sys/msg.h... yes
checking for sys/param.h... yes
checking for sys/resource.h... yes
checking for sys/select.h... yes
checking for sys/sem.h... yes
checking for sys/shm.h... yes
checking for sys/sockio.h... no
checking for sys/socket.h... (cached) yes
checking for sys/stat.h... (cached) yes
checking for sys/statvfs.h... yes
checking for sys/statfs.h... yes
checking for sys/systeminfo.h... no
checking for sys/time.h... (cached) yes
checking for sys/types.h... (cached) yes
checking for sys/utsname.h... yes
checking for sys/vmmeter.h... no
checking for sys/wait.h... (cached) yes
checking for unistd.h... (cached) yes
checking for utmp.h... yes
checking for errno.h... yes
checking for procfs.h... no
checking for ieeefp.h... no
checking for setjmp.h... yes
checking for float.h... yes
checking for sal.h... no
checking for execinfo.h... yes
checking for xlocale.h... no
checking for intrin.h... no
checking for x86intrin.h... yes
checking for pmmintrin.h... yes
checking for xmmintrin.h... yes
checking for emmintrin.h... yes
checking for immintrin.h... yes
checking for gcc options needed to detect all undeclared functions... none needed
checking whether _xgetbv is declared... yes
checking whether xgetbv is declared... no
checking whether __xgetbv is declared... no
checking whether cpuid is declared... no
checking whether _cpuid is declared... no
checking whether __cpuid is declared... no
checking if assembler supports xgetbv... yes
checking for nvapi.h... no
checking for socklen_t... yes
checking for net/if.h... (cached) yes
checking for net/if_arp.h... (cached) yes
checking for sys/mount.h... yes
checking for sys/swap.h... yes
checking for sys/sensors.h... no
checking for sys/sysctl.h... no
checking for resolv.h... yes
checking for netinet/if_ether.h... yes
checking for struct lifconf... no
checking for struct lifreq... no
checking for struct ifconf... yes
checking for struct ifreq... yes
checking for struct ether_addr... yes
checking for special C compiler options needed for large files... no
checking for _FILE_OFFSET_BITS value needed for large files... no
checking whether largefile support breaks C++... no
checking standard C++ headers... yes
checking for C++ header <algorithm>... (cached) yes
checking for C++ header <bitset>... (cached) yes
checking for C++ header <cassert>... (cached) yes
checking for C++ header <cctype>... (cached) yes
checking for C++ header <cerrno>... (cached) yes
checking for C++ header <cfloat>... (cached) yes
checking for C++ header <climits>... (cached) yes
checking for C++ header <clocale>... (cached) yes
checking for C++ header <cmath>... (cached) yes
checking for C++ header <complex>... (cached) yes
checking for C++ header <csetjmp>... (cached) yes
checking for C++ header <csignal>... (cached) yes
checking for C++ header <cstdarg>... (cached) yes
checking for C++ header <cstddef>... (cached) yes
checking for C++ header <cstdio>... (cached) yes
checking for C++ header <cstdlib>... (cached) yes
checking for C++ header <cstring>... (cached) yes
checking for C++ header <ctime>... (cached) yes
checking for C++ header <deque>... (cached) yes
checking for C++ header <fstream>... (cached) yes
checking for C++ header <functional>... (cached) yes
checking for C++ header <iomanip>... (cached) yes
checking for C++ header <ios>... (cached) yes
checking for C++ header <iosfwd>... (cached) yes
checking for C++ header <iostream>... (cached) yes
checking for C++ header <istream>... (cached) yes
checking for C++ header <iterator>... (cached) yes
checking for C++ header <limits>... (cached) yes
checking for C++ header <list>... (cached) yes
checking for C++ header <locale>... (cached) yes
checking for C++ header <map>... (cached) yes
checking for C++ header <memory>... (cached) yes
checking for C++ header <numeric>... (cached) yes
checking for C++ header <ostream>... (cached) yes
checking for C++ header <queue>... (cached) yes
checking for C++ header <set>... (cached) yes
checking for C++ header <sstream>... (cached) yes
checking for C++ header <stack>... (cached) yes
checking for C++ header <stdexcept>... (cached) yes
checking for C++ header <streambuf>... (cached) yes
checking for C++ header <string>... (cached) yes
checking for C++ header <utility>... (cached) yes
checking for C++ header <valarray>... (cached) yes
checking for C++ header <vector>... (cached) yes
checking for C++ namespaces... yes
checking for min(0,0) in namespace std... yes
checking for max(0,0) in namespace std... yes
checking for transform((char *)0,(char *) 0,(char *)0,(int(*)(int))malloc) in namespace std... yes
checking for locale("") in namespace std... yes
checking whether gcc needs -traditional... no
checking for vprintf... yes
checking for ether_ntoa... yes
checking for setpriority... yes
checking for sched_setscheduler... yes
checking for strlcpy... yes
checking for strlcat... yes
checking for strcasestr... yes
checking for strcasecmp... yes
checking for sigaction... yes
checking for getutent... yes
checking for setutent... yes
checking for getisax... no
checking for strdup... yes
checking for _strdup... no
checking for strdupa... no
checking for _strdupa... no
checking for daemon... yes
checking for stat64... yes
checking for putenv... yes
checking for setenv... yes
checking for unsetenv... yes
checking for res_init... no
checking for strtoull... yes
checking for localtime... yes
checking for localtime_r... yes
checking for gmtime... yes
checking for gmtime_r... yes
checking for uselocale... yes
checking for _configthreadlocale... no
checking for ftok... yes
checking whether _fpreset is declared... no
checking whether fpreset is declared... no
checking for an ANSI C-conforming const... yes
checking for size_t... yes
checking whether struct tm is in sys/time.h or time.h... time.h
checking for struct tm.tm_zone... yes
checking for sin in dynamic library m...  -lm
checking for pthread_join in dynamic library pthread...  -lpthread
checking for dynamic library nvapi... no
checking for res_init in -lresolv... no
checking for res_query in static library resolv...  -lresolv
checking for whoami... /usr/bin/whoami
checking that generated files are newer than configure... done
configure: creating ./config.status
config.status: creating version.h
config.status: creating api/Makefile
config.status: creating api/libboinc_api.pc
config.status: creating api/libboinc_graphics2.pc
config.status: creating api/libboinc_opencl.pc
config.status: creating apps/Makefile
config.status: creating clientgui/Makefile
config.status: creating clientgui/res/Makefile
config.status: creating clientgui/skins/Makefile
config.status: creating clientscr/Makefile
config.status: creating client/Makefile
config.status: creating client/win/boinc_path_config.py
config.status: creating client/scripts/Makefile
config.status: creating client/scripts/boinc-client
config.status: creating client/scripts/boinc-client.service
config.status: creating db/Makefile
config.status: creating doc/Makefile
config.status: creating doc/manpages/Makefile
config.status: creating html/Makefile
config.status: creating lib/Makefile
config.status: creating lib/libboinc.pc
config.status: creating lib/libboinc_crypt.pc
config.status: creating lib/libboinc_fcgi.pc
config.status: creating locale/Makefile
config.status: creating Makefile
config.status: creating py/Boinc/version.py
config.status: creating py/Makefile
config.status: creating py/boinc_path_config.py
config.status: creating py/setup.py
config.status: creating sched/boinc_path_config.py
config.status: creating sched/Makefile
config.status: creating packages/generic/sea/Makefile
config.status: creating packages/solaris/CSW/Makefile
config.status: creating packages/solaris/CSW/boincclient/Makefile
config.status: creating packages/solaris/CSW/boincclient/pkginfo
config.status: creating packages/solaris/CSW/boincclient/prototype
config.status: creating packages/solaris/CSW/boincdevel/Makefile
config.status: creating packages/solaris/CSW/boincdevel/pkginfo
config.status: creating packages/solaris/CSW/boincdevel/prototype
config.status: creating packages/solaris/CSW/boinclibs/Makefile
config.status: creating packages/solaris/CSW/boinclibs/pkginfo
config.status: creating packages/solaris/CSW/boinclibs/prototype
config.status: creating packages/solaris/CSW/boincmanager/Makefile
config.status: creating packages/solaris/CSW/boincmanager/pkginfo
config.status: creating packages/solaris/CSW/boincmanager/prototype
config.status: creating samples/Makefile
config.status: creating tools/boinc_path_config.py
config.status: creating tools/Makefile
config.status: creating vda/Makefile
config.status: creating zip/Makefile
config.status: creating zip/libboinc_zip.pc
config.status: creating m4/Makefile
config.status: creating config.h
config.status: config.h is unchanged
config.status: executing depfiles commands
config.status: executing libtool commands
--- Configuring BOINC 8.3.0 (Release) ---
--- Build Components: ( libraries server libraries_graphics) ---
